Using pre-set license
Built from '2020.3/staging' branch; Version is '2020.3.9f1 (108be757e447) revision 1084391'; Using compiler version '192528614'; Build Type 'Release'
OS: 'Windows 10 Pro; OS build 19044.1766; Version 2009; 64bit' Language: 'ru' Physical Memory: 32699 MB
BatchMode: 1, IsHumanControllingUs: 0, StartBugReporterOnCrash: 0, Is64bit: 1, IsPro: 0

 COMMAND LINE ARGUMENTS:
C:\Program Files\Unity\Hub\Editor\2020.3.9f1\Editor\Unity.exe
-adb2
-batchMode
-noUpm
-name
AssetImportWorker0
-projectPath
D:/Unity/Gravity/Runny
-logFile
Logs/AssetImportWorker0.log
-srvPort
63169
Successfully changed project path to: D:/Unity/Gravity/Runny
D:/Unity/Gravity/Runny
Using Asset Import Pipeline V2.
Refreshing native plugins compatible for Editor in 29.24 ms, found 0 plugins.
Preloading 0 native plugins for Editor in 0.00 ms.
Initialize engine version: 2020.3.9f1 (108be757e447)
[Subsystems] Discovering subsystems at path C:/Program Files/Unity/Hub/Editor/2020.3.9f1/Editor/Data/Resources/UnitySubsystems
[Subsystems] Discovering subsystems at path D:/Unity/Gravity/Runny/Assets
GfxDevice: creating device client; threaded=0
Direct3D:
    Version:  Direct3D 11.0 [level 11.1]
    Renderer: NVIDIA GeForce GTX 1080 (ID=0x1b80)
    Vendor:   
    VRAM:     8079 MB
    Driver:   30.0.15.1215
Initialize mono
Mono path[0] = 'C:/Program Files/Unity/Hub/Editor/2020.3.9f1/Editor/Data/Managed'
Mono path[1] = 'C:/Program Files/Unity/Hub/Editor/2020.3.9f1/Editor/Data/MonoBleedingEdge/lib/mono/unityjit'
Mono config path = 'C:/Program Files/Unity/Hub/Editor/2020.3.9f1/Editor/Data/MonoBleedingEdge/etc'
Using monoOptions --debugger-agent=transport=dt_socket,embedding=1,server=y,suspend=n,address=127.0.0.1:56936
Begin MonoManager ReloadAssembly
Registering precompiled unity dll's ...
Register platform support module: C:/Program Files/Unity/Hub/Editor/2020.3.9f1/Editor/Data/PlaybackEngines/WindowsStandaloneSupport/UnityEditor.WindowsStandalone.Extensions.dll
Registered in 0.002797 seconds.
Native extension for WindowsStandalone target not found
Refreshing native plugins compatible for Editor in 29.68 ms, found 0 plugins.
Preloading 0 native plugins for Editor in 0.00 ms.
Mono: successfully reloaded assembly
- Completed reload, in  2.309 seconds
Platform modules already initialized, skipping
Registering precompiled user dll's ...
Registered in 0.000888 seconds.
Begin MonoManager ReloadAssembly
Native extension for WindowsStandalone target not found
Refreshing native plugins compatible for Editor in 0.38 ms, found 0 plugins.
Preloading 0 native plugins for Editor in 0.00 ms.
Mono: successfully reloaded assembly
- Completed reload, in  0.843 seconds
Platform modules already initialized, skipping
========================================================================
Worker process is ready to serve import requests
Launched and connected shader compiler UnityShaderCompiler.exe after 0.05 seconds
Refreshing native plugins compatible for Editor in 0.41 ms, found 0 plugins.
Preloading 0 native plugins for Editor in 0.00 ms.
Unloading 1355 Unused Serialized files (Serialized files now loaded: 0)
System memory in use before: 83.3 MB.
System memory in use after: 83.4 MB.

Unloading 22 unused Assets to reduce memory usage. Loaded Objects now: 1812.
Total: 1.971600 ms (FindLiveObjects: 0.237400 ms CreateObjectMapping: 0.033300 ms MarkObjects: 1.614500 ms  DeleteObjects: 0.084500 ms)

========================================================================
Received Import Request.
  path: Assets/Music
  artifactKey: Guid(94185671653a4294d9264bcab269c7a1) Importer(815301076,1909f56bfc062723c751e8b465ee728b)
Start importing Assets/Music using Guid(94185671653a4294d9264bcab269c7a1) Importer(815301076,1909f56bfc062723c751e8b465ee728b)  -> (artifact id: 'c29677f989c9c32eef023c011f438bac') in 0.024032 seconds
  Import took 0.036779 seconds .

========================================================================
Received Import Request.
  Time since last request: 799.208523 seconds.
  path: Assets/Music/Algorithm.mp3
  artifactKey: Guid(1ad0f1d76f21d2e4da4b9f843886bfbc) Importer(815301076,1909f56bfc062723c751e8b465ee728b)
Start importing Assets/Music/Algorithm.mp3 using Guid(1ad0f1d76f21d2e4da4b9f843886bfbc) Importer(815301076,1909f56bfc062723c751e8b465ee728b)  -> (artifact id: 'bb4dbffb96635058673f66ecf60ab660') in 0.111455 seconds
  Import took 0.113823 seconds .

========================================================================
Received Import Request.
  Time since last request: 0.000205 seconds.
  path: Assets/Music/Straight Fuse - French Fuse.mp3
  artifactKey: Guid(8a51390b341325f48a7cf1905b346579) Importer(815301076,1909f56bfc062723c751e8b465ee728b)
Start importing Assets/Music/Straight Fuse - French Fuse.mp3 using Guid(8a51390b341325f48a7cf1905b346579) Importer(815301076,1909f56bfc062723c751e8b465ee728b)  -> (artifact id: 'c47f2803ad5b2777b777d3b46a8ae0bc') in 0.022772 seconds
  Import took 0.024778 seconds .

========================================================================
Received Import Request.
  Time since last request: 0.000211 seconds.
  path: Assets/Music/Robots and Aliens - Joel Cummins.mp3
  artifactKey: Guid(7b537696b15340b44b5e32aa892795c5) Importer(815301076,1909f56bfc062723c751e8b465ee728b)
Start importing Assets/Music/Robots and Aliens - Joel Cummins.mp3 using Guid(7b537696b15340b44b5e32aa892795c5) Importer(815301076,1909f56bfc062723c751e8b465ee728b)  -> (artifact id: '332842a407f1a3cb93ebd30872c8ef45') in 0.011641 seconds
  Import took 0.013503 seconds .

========================================================================
Received Import Request.
  Time since last request: 0.000242 seconds.
  path: Assets/Music/Marauder.mp3
  artifactKey: Guid(97242cc8a907a51409e2418ab63a7b7c) Importer(815301076,1909f56bfc062723c751e8b465ee728b)
Start importing Assets/Music/Marauder.mp3 using Guid(97242cc8a907a51409e2418ab63a7b7c) Importer(815301076,1909f56bfc062723c751e8b465ee728b)  -> (artifact id: 'eaeb94c53b93076e8b43c219d5363b0b') in 0.010572 seconds
  Import took 0.012474 seconds .

========================================================================
Received Import Request.
  Time since last request: 0.000216 seconds.
  path: Assets/Music/DanceDubber.mp3
  artifactKey: Guid(a189b2921d0160448ac9739b2a93b6ed) Importer(815301076,1909f56bfc062723c751e8b465ee728b)
Start importing Assets/Music/DanceDubber.mp3 using Guid(a189b2921d0160448ac9739b2a93b6ed) Importer(815301076,1909f56bfc062723c751e8b465ee728b)  -> (artifact id: '0be120f8ddce3ce2c4fcf0104a249383') in 0.028882 seconds
  Import took 0.030736 seconds .

========================================================================
Received Import Request.
  Time since last request: 0.000278 seconds.
  path: Assets/Music/How's It Supposed to Feel (Clean) - NEFFEX.mp3
  artifactKey: Guid(9cf84c96f0fc2ab40a10cf122815fedb) Importer(815301076,1909f56bfc062723c751e8b465ee728b)
Start importing Assets/Music/How's It Supposed to Feel (Clean) - NEFFEX.mp3 using Guid(9cf84c96f0fc2ab40a10cf122815fedb) Importer(815301076,1909f56bfc062723c751e8b465ee728b)  -> (artifact id: '90556206bb62c20ea6cc79eae7b68571') in 0.011216 seconds
  Import took 0.013533 seconds .

========================================================================
Received Import Request.
  Time since last request: 0.000196 seconds.
  path: Assets/Music/RubixCube.mp3
  artifactKey: Guid(d33d4dcb9fad65d42bf653b9e8ce5834) Importer(815301076,1909f56bfc062723c751e8b465ee728b)
Start importing Assets/Music/RubixCube.mp3 using Guid(d33d4dcb9fad65d42bf653b9e8ce5834) Importer(815301076,1909f56bfc062723c751e8b465ee728b)  -> (artifact id: '4ec38875bae97d6f129c354a1c54a563') in 0.010267 seconds
  Import took 0.012169 seconds .

========================================================================
Received Import Request.
  Time since last request: 0.000204 seconds.
  path: Assets/Music/Escapism - Yung Logos.mp3
  artifactKey: Guid(1b4a83c5a2351c04abb7c154b12733b9) Importer(815301076,1909f56bfc062723c751e8b465ee728b)
Start importing Assets/Music/Escapism - Yung Logos.mp3 using Guid(1b4a83c5a2351c04abb7c154b12733b9) Importer(815301076,1909f56bfc062723c751e8b465ee728b)  -> (artifact id: '2e8d2071b2697fc754a1e4f48a49e758') in 0.011023 seconds
  Import took 0.013244 seconds .

========================================================================
Received Import Request.
  Time since last request: 0.000196 seconds.
  path: Assets/Music/Housin - Yung Logos.mp3
  artifactKey: Guid(008a01325b7b73841a2ad49e8433df76) Importer(815301076,1909f56bfc062723c751e8b465ee728b)
Start importing Assets/Music/Housin - Yung Logos.mp3 using Guid(008a01325b7b73841a2ad49e8433df76) Importer(815301076,1909f56bfc062723c751e8b465ee728b)  -> (artifact id: '739022c81a110470442bd9c4f3ac5c14') in 0.010775 seconds
  Import took 0.012953 seconds .

========================================================================
Received Import Request.
  Time since last request: 0.000210 seconds.
  path: Assets/Music/Pyramids.mp3
  artifactKey: Guid(9af63dc59560a6d48bf5eb07574eb43c) Importer(815301076,1909f56bfc062723c751e8b465ee728b)
Start importing Assets/Music/Pyramids.mp3 using Guid(9af63dc59560a6d48bf5eb07574eb43c) Importer(815301076,1909f56bfc062723c751e8b465ee728b)  -> (artifact id: '44c4d57615f144bf19a763324493a19d') in 0.011036 seconds
  Import took 0.013271 seconds .

========================================================================
Received Import Request.
  Time since last request: 124.333513 seconds.
  path: Assets/Script/Music.cs
  artifactKey: Guid(e80b7262931cbb0448c1718baa08b4d3) Importer(815301076,1909f56bfc062723c751e8b465ee728b)
Start importing Assets/Script/Music.cs using Guid(e80b7262931cbb0448c1718baa08b4d3) Importer(815301076,1909f56bfc062723c751e8b465ee728b)  -> (artifact id: 'c8ee83c659273544dfffe9f40d9ce29e') in 0.005684 seconds
  Import took 0.007822 seconds .

========================================================================
Received Prepare
Registering precompiled user dll's ...
Registered in 0.000549 seconds.
Begin MonoManager ReloadAssembly
Native extension for WindowsStandalone target not found
Refreshing native plugins compatible for Editor in 0.38 ms, found 0 plugins.
Preloading 0 native plugins for Editor in 0.00 ms.
Mono: successfully reloaded assembly
- Completed reload, in  0.792 seconds
Platform modules already initialized, skipping
Switching build target platform(19) subTarget(0) extendedPlatform(0) -> platform(13) subTarget(537395200) extendedPlatform(0)
Refreshing native plugins compatible for Editor in 0.39 ms, found 0 plugins.
Preloading 0 native plugins for Editor in 0.00 ms.
Unloading 1313 Unused Serialized files (Serialized files now loaded: 0)
System memory in use before: 81.5 MB.
System memory in use after: 81.6 MB.

Unloading 17 unused Assets to reduce memory usage. Loaded Objects now: 1825.
Total: 1.539900 ms (FindLiveObjects: 0.136600 ms CreateObjectMapping: 0.029700 ms MarkObjects: 1.357200 ms  DeleteObjects: 0.015400 ms)

AssetImportParameters requested are different than current active one (requested -> active):
  custom:graphics/normal-map-encoding: 01000000000000000000000000000000 -> 02000000000000000000000000000000
========================================================================
Received Import Request.
  Time since last request: 58.752413 seconds.
  path: Assets/Audio
  artifactKey: Guid(b304b32aeac635545ac44567a7218a22) Importer(815301076,1909f56bfc062723c751e8b465ee728b)
Start importing Assets/Audio using Guid(b304b32aeac635545ac44567a7218a22) Importer(815301076,1909f56bfc062723c751e8b465ee728b)  -> (artifact id: 'b7e6bd7d3d42726a34c8dab02d618446') in 0.010340 seconds
  Import took 0.013157 seconds .

========================================================================
Received Import Request.
  Time since last request: 7.184316 seconds.
  path: Assets/Audio/Sounds
  artifactKey: Guid(e141703a6ebd9a44facb8ed90cd79cfa) Importer(815301076,1909f56bfc062723c751e8b465ee728b)
Start importing Assets/Audio/Sounds using Guid(e141703a6ebd9a44facb8ed90cd79cfa) Importer(815301076,1909f56bfc062723c751e8b465ee728b)  -> (artifact id: 'dcca70134c025f7c47caa864b4ab97d8') in 0.005839 seconds
  Import took 0.007931 seconds .

========================================================================
Received Prepare
Registering precompiled user dll's ...
Registered in 0.000648 seconds.
Begin MonoManager ReloadAssembly
Native extension for WindowsStandalone target not found
Refreshing native plugins compatible for Editor in 0.39 ms, found 0 plugins.
Preloading 0 native plugins for Editor in 0.00 ms.
Mono: successfully reloaded assembly
- Completed reload, in  0.847 seconds
Platform modules already initialized, skipping
Switching build target platform(19) subTarget(0) extendedPlatform(0) -> platform(13) subTarget(537395200) extendedPlatform(0)
Refreshing native plugins compatible for Editor in 0.41 ms, found 0 plugins.
Preloading 0 native plugins for Editor in 0.00 ms.
Unloading 1312 Unused Serialized files (Serialized files now loaded: 0)
System memory in use before: 81.5 MB.
System memory in use after: 81.6 MB.

Unloading 18 unused Assets to reduce memory usage. Loaded Objects now: 1827.
Total: 1.775600 ms (FindLiveObjects: 0.170500 ms CreateObjectMapping: 0.030500 ms MarkObjects: 1.548300 ms  DeleteObjects: 0.024300 ms)

AssetImportParameters requested are different than current active one (requested -> active):
  custom:graphics/normal-map-encoding: 01000000000000000000000000000000 -> 02000000000000000000000000000000
========================================================================
Received Prepare
Registering precompiled user dll's ...
Registered in 0.000558 seconds.
Begin MonoManager ReloadAssembly
Native extension for WindowsStandalone target not found
Refreshing native plugins compatible for Editor in 0.39 ms, found 0 plugins.
Preloading 0 native plugins for Editor in 0.00 ms.
Mono: successfully reloaded assembly
- Completed reload, in  0.832 seconds
Platform modules already initialized, skipping
Switching build target platform(19) subTarget(0) extendedPlatform(0) -> platform(13) subTarget(537395200) extendedPlatform(0)
Refreshing native plugins compatible for Editor in 0.39 ms, found 0 plugins.
Preloading 0 native plugins for Editor in 0.00 ms.
Unloading 1313 Unused Serialized files (Serialized files now loaded: 0)
System memory in use before: 81.5 MB.
System memory in use after: 81.7 MB.

Unloading 17 unused Assets to reduce memory usage. Loaded Objects now: 1831.
Total: 1.599100 ms (FindLiveObjects: 0.160400 ms CreateObjectMapping: 0.029700 ms MarkObjects: 1.393200 ms  DeleteObjects: 0.015000 ms)

AssetImportParameters requested are different than current active one (requested -> active):
  custom:graphics/normal-map-encoding: 01000000000000000000000000000000 -> 02000000000000000000000000000000
========================================================================
Received Import Request.
  Time since last request: 200.983611 seconds.
  path: Assets/Models/Player.prefab
  artifactKey: Guid(9c33b50ee9e06c443982628b78401558) Importer(815301076,1909f56bfc062723c751e8b465ee728b)
Start importing Assets/Models/Player.prefab using Guid(9c33b50ee9e06c443982628b78401558) Importer(815301076,1909f56bfc062723c751e8b465ee728b)  -> (artifact id: 'e895239f24d9af0c6335942608015312') in 0.075625 seconds
  Import took 0.078012 seconds .

========================================================================
Received Import Request.
  Time since last request: 31.178530 seconds.
  path: Assets/Models/Player.prefab
  artifactKey: Guid(9c33b50ee9e06c443982628b78401558) Importer(815301076,1909f56bfc062723c751e8b465ee728b)
Start importing Assets/Models/Player.prefab using Guid(9c33b50ee9e06c443982628b78401558) Importer(815301076,1909f56bfc062723c751e8b465ee728b)  -> (artifact id: '706c76bea39dc31e52bec197d475e283') in 0.006677 seconds
  Import took 0.008855 seconds .

========================================================================
Received Import Request.
  Time since last request: 0.009550 seconds.
  path: Assets/Models/Player.prefab
  artifactKey: Guid(9c33b50ee9e06c443982628b78401558) Importer(815301076,1909f56bfc062723c751e8b465ee728b)
Start importing Assets/Models/Player.prefab using Guid(9c33b50ee9e06c443982628b78401558) Importer(815301076,1909f56bfc062723c751e8b465ee728b)  -> (artifact id: '706c76bea39dc31e52bec197d475e283') in 0.006469 seconds
  Import took 0.008598 seconds .

========================================================================
Received Prepare
Registering precompiled user dll's ...
Registered in 0.000672 seconds.
Begin MonoManager ReloadAssembly
Native extension for WindowsStandalone target not found
Refreshing native plugins compatible for Editor in 0.43 ms, found 0 plugins.
Preloading 0 native plugins for Editor in 0.00 ms.
Mono: successfully reloaded assembly
- Completed reload, in  0.833 seconds
Platform modules already initialized, skipping
Switching build target platform(19) subTarget(0) extendedPlatform(0) -> platform(13) subTarget(537395200) extendedPlatform(0)
Refreshing native plugins compatible for Editor in 0.39 ms, found 0 plugins.
Preloading 0 native plugins for Editor in 0.00 ms.
Unloading 1313 Unused Serialized files (Serialized files now loaded: 0)
System memory in use before: 81.6 MB.
System memory in use after: 81.7 MB.

Unloading 18 unused Assets to reduce memory usage. Loaded Objects now: 1836.
Total: 1.664400 ms (FindLiveObjects: 0.157800 ms CreateObjectMapping: 0.030800 ms MarkObjects: 1.451600 ms  DeleteObjects: 0.023000 ms)

AssetImportParameters requested are different than current active one (requested -> active):
  custom:graphics/normal-map-encoding: 01000000000000000000000000000000 -> 02000000000000000000000000000000
========================================================================
Received Import Request.
  Time since last request: 374.621206 seconds.
  path: Assets/Script/Music.cs
  artifactKey: Guid(e80b7262931cbb0448c1718baa08b4d3) Importer(815301076,1909f56bfc062723c751e8b465ee728b)
Start importing Assets/Script/Music.cs using Guid(e80b7262931cbb0448c1718baa08b4d3) Importer(815301076,1909f56bfc062723c751e8b465ee728b)  -> (artifact id: '81adf9ba2aacdf42053843d7d1f95e6e') in 0.008210 seconds
  Import took 0.010634 seconds .

========================================================================
Received Prepare
Registering precompiled user dll's ...
Registered in 0.000638 seconds.
Begin MonoManager ReloadAssembly
Native extension for WindowsStandalone target not found
Refreshing native plugins compatible for Editor in 0.39 ms, found 0 plugins.
Preloading 0 native plugins for Editor in 0.00 ms.
Mono: successfully reloaded assembly
- Completed reload, in  0.823 seconds
Platform modules already initialized, skipping
Switching build target platform(19) subTarget(0) extendedPlatform(0) -> platform(13) subTarget(537395200) extendedPlatform(0)
Refreshing native plugins compatible for Editor in 0.38 ms, found 0 plugins.
Preloading 0 native plugins for Editor in 0.00 ms.
Unloading 1312 Unused Serialized files (Serialized files now loaded: 0)
System memory in use before: 81.6 MB.
System memory in use after: 81.7 MB.

Unloading 18 unused Assets to reduce memory usage. Loaded Objects now: 1838.
Total: 1.584200 ms (FindLiveObjects: 0.158900 ms CreateObjectMapping: 0.029100 ms MarkObjects: 1.379500 ms  DeleteObjects: 0.015900 ms)

AssetImportParameters requested are different than current active one (requested -> active):
  custom:graphics/normal-map-encoding: 01000000000000000000000000000000 -> 02000000000000000000000000000000
========================================================================
Received Prepare
Registering precompiled user dll's ...
Registered in 0.000715 seconds.
Begin MonoManager ReloadAssembly
Native extension for WindowsStandalone target not found
Refreshing native plugins compatible for Editor in 0.39 ms, found 0 plugins.
Preloading 0 native plugins for Editor in 0.00 ms.
Mono: successfully reloaded assembly
- Completed reload, in  0.855 seconds
Platform modules already initialized, skipping
Switching build target platform(19) subTarget(0) extendedPlatform(0) -> platform(13) subTarget(537395200) extendedPlatform(0)
Refreshing native plugins compatible for Editor in 0.39 ms, found 0 plugins.
Preloading 0 native plugins for Editor in 0.00 ms.
Unloading 1313 Unused Serialized files (Serialized files now loaded: 0)
System memory in use before: 81.6 MB.
System memory in use after: 81.7 MB.

Unloading 17 unused Assets to reduce memory usage. Loaded Objects now: 1842.
Total: 1.745300 ms (FindLiveObjects: 0.191800 ms CreateObjectMapping: 0.031800 ms MarkObjects: 1.503200 ms  DeleteObjects: 0.016800 ms)

AssetImportParameters requested are different than current active one (requested -> active):
  custom:graphics/normal-map-encoding: 01000000000000000000000000000000 -> 02000000000000000000000000000000
========================================================================
Received Import Request.
  Time since last request: 221.509079 seconds.
  path: Assets/Script/MusicPlayer.cs
  artifactKey: Guid(74617505d42ac904191c2a9523b61cdd) Importer(815301076,1909f56bfc062723c751e8b465ee728b)
Start importing Assets/Script/MusicPlayer.cs using Guid(74617505d42ac904191c2a9523b61cdd) Importer(815301076,1909f56bfc062723c751e8b465ee728b)  -> (artifact id: 'b89b947f06f010f8040d836aad045328') in 0.008300 seconds
  Import took 0.010428 seconds .

========================================================================
Received Prepare
Registering precompiled user dll's ...
Registered in 0.000617 seconds.
Begin MonoManager ReloadAssembly
Native extension for WindowsStandalone target not found
Refreshing native plugins compatible for Editor in 0.38 ms, found 0 plugins.
Preloading 0 native plugins for Editor in 0.00 ms.
Mono: successfully reloaded assembly
- Completed reload, in  0.862 seconds
Platform modules already initialized, skipping
Switching build target platform(19) subTarget(0) extendedPlatform(0) -> platform(13) subTarget(537395200) extendedPlatform(0)
Refreshing native plugins compatible for Editor in 0.41 ms, found 0 plugins.
Preloading 0 native plugins for Editor in 0.00 ms.
Unloading 1313 Unused Serialized files (Serialized files now loaded: 0)
System memory in use before: 81.6 MB.
System memory in use after: 81.7 MB.

Unloading 17 unused Assets to reduce memory usage. Loaded Objects now: 1845.
Total: 1.578200 ms (FindLiveObjects: 0.143600 ms CreateObjectMapping: 0.031000 ms MarkObjects: 1.388100 ms  DeleteObjects: 0.014400 ms)

AssetImportParameters requested are different than current active one (requested -> active):
  custom:graphics/normal-map-encoding: 01000000000000000000000000000000 -> 02000000000000000000000000000000
========================================================================
Received Prepare
Registering precompiled user dll's ...
Registered in 0.000632 seconds.
Begin MonoManager ReloadAssembly
Native extension for WindowsStandalone target not found
Refreshing native plugins compatible for Editor in 0.40 ms, found 0 plugins.
Preloading 0 native plugins for Editor in 0.00 ms.
Mono: successfully reloaded assembly
- Completed reload, in  0.877 seconds
Platform modules already initialized, skipping
Switching build target platform(19) subTarget(0) extendedPlatform(0) -> platform(13) subTarget(537395200) extendedPlatform(0)
Refreshing native plugins compatible for Editor in 0.40 ms, found 0 plugins.
Preloading 0 native plugins for Editor in 0.00 ms.
Unloading 1313 Unused Serialized files (Serialized files now loaded: 0)
System memory in use before: 81.6 MB.
System memory in use after: 81.7 MB.

Unloading 17 unused Assets to reduce memory usage. Loaded Objects now: 1848.
Total: 1.850200 ms (FindLiveObjects: 0.191300 ms CreateObjectMapping: 0.033400 ms MarkObjects: 1.605800 ms  DeleteObjects: 0.017700 ms)

AssetImportParameters requested are different than current active one (requested -> active):
  custom:graphics/normal-map-encoding: 01000000000000000000000000000000 -> 02000000000000000000000000000000
========================================================================
Received Import Request.
  Time since last request: 532.774282 seconds.
  path: Assets/Script/InPlay.cs
  artifactKey: Guid(7aecd4ebc7b0b6c48b2650d9bcb4d5d1) Importer(815301076,1909f56bfc062723c751e8b465ee728b)
Start importing Assets/Script/InPlay.cs using Guid(7aecd4ebc7b0b6c48b2650d9bcb4d5d1) Importer(815301076,1909f56bfc062723c751e8b465ee728b)  -> (artifact id: '62a4b7f7120d03f313f65311ddab47e1') in 0.016810 seconds
  Import took 0.019079 seconds .

========================================================================
Received Import Request.
  Time since last request: 176.006066 seconds.
  path: Assets/Script/Barrier.cs
  artifactKey: Guid(fa062f16196bb214698a19ba49b3017c) Importer(815301076,1909f56bfc062723c751e8b465ee728b)
Start importing Assets/Script/Barrier.cs using Guid(fa062f16196bb214698a19ba49b3017c) Importer(815301076,1909f56bfc062723c751e8b465ee728b)  -> (artifact id: 'ae85485a38dacc0631eaefe4e2769722') in 0.006419 seconds
  Import took 0.008539 seconds .

========================================================================
Received Import Request.
  Time since last request: 4.243735 seconds.
  path: Assets/Script/MusicPlayer.cs
  artifactKey: Guid(74617505d42ac904191c2a9523b61cdd) Importer(815301076,1909f56bfc062723c751e8b465ee728b)
Start importing Assets/Script/MusicPlayer.cs using Guid(74617505d42ac904191c2a9523b61cdd) Importer(815301076,1909f56bfc062723c751e8b465ee728b)  -> (artifact id: '00e14822c6395f4871f45a02b11b2682') in 0.002162 seconds
  Import took 0.004527 seconds .

========================================================================
Received Import Request.
  Time since last request: 1.558265 seconds.
  path: Assets/Script/Spawner.cs
  artifactKey: Guid(15cf175692c049d49bd32336580c8ec8) Importer(815301076,1909f56bfc062723c751e8b465ee728b)
Start importing Assets/Script/Spawner.cs using Guid(15cf175692c049d49bd32336580c8ec8) Importer(815301076,1909f56bfc062723c751e8b465ee728b)  -> (artifact id: 'e219154325a03d93caf40b68ad3d3bee') in 0.005336 seconds
  Import took 0.007412 seconds .

========================================================================
Received Import Request.
  Time since last request: 0.026933 seconds.
  path: Assets/Script/Spawner.cs
  artifactKey: Guid(15cf175692c049d49bd32336580c8ec8) Importer(815301076,1909f56bfc062723c751e8b465ee728b)
Start importing Assets/Script/Spawner.cs using Guid(15cf175692c049d49bd32336580c8ec8) Importer(815301076,1909f56bfc062723c751e8b465ee728b)  -> (artifact id: 'e219154325a03d93caf40b68ad3d3bee') in 0.002323 seconds
  Import took 0.004735 seconds .

========================================================================
Received Import Request.
  Time since last request: 0.884318 seconds.
  path: Assets/Script/SpawnerMover.cs
  artifactKey: Guid(99c0f434a15e2874ab823ffbf58bed0b) Importer(815301076,1909f56bfc062723c751e8b465ee728b)
Start importing Assets/Script/SpawnerMover.cs using Guid(99c0f434a15e2874ab823ffbf58bed0b) Importer(815301076,1909f56bfc062723c751e8b465ee728b)  -> (artifact id: '65b5e0cc5dfa529fbaecc40314d52105') in 0.005808 seconds
  Import took 0.007913 seconds .

========================================================================
Received Prepare
Registering precompiled user dll's ...
Registered in 0.000683 seconds.
Begin MonoManager ReloadAssembly
Native extension for WindowsStandalone target not found
Refreshing native plugins compatible for Editor in 0.38 ms, found 0 plugins.
Preloading 0 native plugins for Editor in 0.00 ms.
Mono: successfully reloaded assembly
- Completed reload, in  0.899 seconds
Platform modules already initialized, skipping
Switching build target platform(19) subTarget(0) extendedPlatform(0) -> platform(13) subTarget(537395200) extendedPlatform(0)
Refreshing native plugins compatible for Editor in 0.38 ms, found 0 plugins.
Preloading 0 native plugins for Editor in 0.00 ms.
Unloading 1313 Unused Serialized files (Serialized files now loaded: 0)
System memory in use before: 81.6 MB.
System memory in use after: 81.7 MB.

Unloading 17 unused Assets to reduce memory usage. Loaded Objects now: 1851.
Total: 1.587300 ms (FindLiveObjects: 0.151100 ms CreateObjectMapping: 0.029900 ms MarkObjects: 1.387800 ms  DeleteObjects: 0.017400 ms)

AssetImportParameters requested are different than current active one (requested -> active):
  custom:graphics/normal-map-encoding: 01000000000000000000000000000000 -> 02000000000000000000000000000000
========================================================================
Received Prepare
Registering precompiled user dll's ...
Registered in 0.000795 seconds.
Begin MonoManager ReloadAssembly
Native extension for WindowsStandalone target not found
Refreshing native plugins compatible for Editor in 0.48 ms, found 0 plugins.
Preloading 0 native plugins for Editor in 0.00 ms.
Mono: successfully reloaded assembly
- Completed reload, in  0.912 seconds
Platform modules already initialized, skipping
Switching build target platform(19) subTarget(0) extendedPlatform(0) -> platform(13) subTarget(537395200) extendedPlatform(0)
Refreshing native plugins compatible for Editor in 0.38 ms, found 0 plugins.
Preloading 0 native plugins for Editor in 0.00 ms.
Unloading 1313 Unused Serialized files (Serialized files now loaded: 0)
System memory in use before: 81.6 MB.
System memory in use after: 81.8 MB.

Unloading 17 unused Assets to reduce memory usage. Loaded Objects now: 1854.
Total: 1.965300 ms (FindLiveObjects: 0.147400 ms CreateObjectMapping: 0.030500 ms MarkObjects: 1.765500 ms  DeleteObjects: 0.020700 ms)

AssetImportParameters requested are different than current active one (requested -> active):
  custom:graphics/normal-map-encoding: 01000000000000000000000000000000 -> 02000000000000000000000000000000
========================================================================
Received Prepare
Registering precompiled user dll's ...
Registered in 0.000618 seconds.
Begin MonoManager ReloadAssembly
Native extension for WindowsStandalone target not found
Refreshing native plugins compatible for Editor in 0.37 ms, found 0 plugins.
Preloading 0 native plugins for Editor in 0.00 ms.
Mono: successfully reloaded assembly
- Completed reload, in  0.893 seconds
Platform modules already initialized, skipping
Switching build target platform(19) subTarget(0) extendedPlatform(0) -> platform(13) subTarget(537395200) extendedPlatform(0)
Refreshing native plugins compatible for Editor in 0.39 ms, found 0 plugins.
Preloading 0 native plugins for Editor in 0.00 ms.
Unloading 1313 Unused Serialized files (Serialized files now loaded: 0)
System memory in use before: 81.7 MB.
System memory in use after: 81.8 MB.

Unloading 17 unused Assets to reduce memory usage. Loaded Objects now: 1857.
Total: 1.564900 ms (FindLiveObjects: 0.138600 ms CreateObjectMapping: 0.030600 ms MarkObjects: 1.381400 ms  DeleteObjects: 0.013400 ms)

AssetImportParameters requested are different than current active one (requested -> active):
  custom:graphics/normal-map-encoding: 01000000000000000000000000000000 -> 02000000000000000000000000000000
========================================================================
Received Prepare
Registering precompiled user dll's ...
Registered in 0.000637 seconds.
Begin MonoManager ReloadAssembly
Native extension for WindowsStandalone target not found
Refreshing native plugins compatible for Editor in 0.39 ms, found 0 plugins.
Preloading 0 native plugins for Editor in 0.00 ms.
Mono: successfully reloaded assembly
- Completed reload, in  0.907 seconds
Platform modules already initialized, skipping
Switching build target platform(19) subTarget(0) extendedPlatform(0) -> platform(13) subTarget(537395200) extendedPlatform(0)
Refreshing native plugins compatible for Editor in 0.39 ms, found 0 plugins.
Preloading 0 native plugins for Editor in 0.00 ms.
Unloading 1313 Unused Serialized files (Serialized files now loaded: 0)
System memory in use before: 81.7 MB.
System memory in use after: 81.8 MB.

Unloading 17 unused Assets to reduce memory usage. Loaded Objects now: 1860.
Total: 1.597100 ms (FindLiveObjects: 0.146300 ms CreateObjectMapping: 0.031400 ms MarkObjects: 1.402100 ms  DeleteObjects: 0.016200 ms)

AssetImportParameters requested are different than current active one (requested -> active):
  custom:graphics/normal-map-encoding: 01000000000000000000000000000000 -> 02000000000000000000000000000000
========================================================================
Received Prepare
Registering precompiled user dll's ...
Registered in 0.000678 seconds.
Begin MonoManager ReloadAssembly
Native extension for WindowsStandalone target not found
Refreshing native plugins compatible for Editor in 0.39 ms, found 0 plugins.
Preloading 0 native plugins for Editor in 0.00 ms.
Mono: successfully reloaded assembly
- Completed reload, in  0.911 seconds
Platform modules already initialized, skipping
Switching build target platform(19) subTarget(0) extendedPlatform(0) -> platform(13) subTarget(537395200) extendedPlatform(0)
Refreshing native plugins compatible for Editor in 0.39 ms, found 0 plugins.
Preloading 0 native plugins for Editor in 0.00 ms.
Unloading 1313 Unused Serialized files (Serialized files now loaded: 0)
System memory in use before: 81.7 MB.
System memory in use after: 81.8 MB.

Unloading 17 unused Assets to reduce memory usage. Loaded Objects now: 1863.
Total: 1.721700 ms (FindLiveObjects: 0.169800 ms CreateObjectMapping: 0.030900 ms MarkObjects: 1.501200 ms  DeleteObjects: 0.018500 ms)

AssetImportParameters requested are different than current active one (requested -> active):
  custom:graphics/normal-map-encoding: 01000000000000000000000000000000 -> 02000000000000000000000000000000
========================================================================
Received Prepare
Registering precompiled user dll's ...
Registered in 0.000686 seconds.
Begin MonoManager ReloadAssembly
Native extension for WindowsStandalone target not found
Refreshing native plugins compatible for Editor in 0.39 ms, found 0 plugins.
Preloading 0 native plugins for Editor in 0.00 ms.
Mono: successfully reloaded assembly
- Completed reload, in  0.931 seconds
Platform modules already initialized, skipping
Switching build target platform(19) subTarget(0) extendedPlatform(0) -> platform(13) subTarget(537395200) extendedPlatform(0)
Refreshing native plugins compatible for Editor in 0.40 ms, found 0 plugins.
Preloading 0 native plugins for Editor in 0.00 ms.
Unloading 1313 Unused Serialized files (Serialized files now loaded: 0)
System memory in use before: 81.7 MB.
System memory in use after: 81.8 MB.

Unloading 17 unused Assets to reduce memory usage. Loaded Objects now: 1866.
Total: 1.579600 ms (FindLiveObjects: 0.144700 ms CreateObjectMapping: 0.031600 ms MarkObjects: 1.388700 ms  DeleteObjects: 0.013800 ms)

AssetImportParameters requested are different than current active one (requested -> active):
  custom:graphics/normal-map-encoding: 01000000000000000000000000000000 -> 02000000000000000000000000000000
========================================================================
Received Prepare
Registering precompiled user dll's ...
Registered in 0.000670 seconds.
Begin MonoManager ReloadAssembly
Native extension for WindowsStandalone target not found
Refreshing native plugins compatible for Editor in 0.54 ms, found 0 plugins.
Preloading 0 native plugins for Editor in 0.00 ms.
Mono: successfully reloaded assembly
- Completed reload, in  1.026 seconds
Platform modules already initialized, skipping
Switching build target platform(19) subTarget(0) extendedPlatform(0) -> platform(13) subTarget(537395200) extendedPlatform(0)
Refreshing native plugins compatible for Editor in 0.37 ms, found 0 plugins.
Preloading 0 native plugins for Editor in 0.00 ms.
Unloading 1313 Unused Serialized files (Serialized files now loaded: 0)
System memory in use before: 81.7 MB.
System memory in use after: 81.8 MB.

Unloading 17 unused Assets to reduce memory usage. Loaded Objects now: 1869.
Total: 1.576200 ms (FindLiveObjects: 0.138900 ms CreateObjectMapping: 0.030000 ms MarkObjects: 1.393600 ms  DeleteObjects: 0.012700 ms)

AssetImportParameters requested are different than current active one (requested -> active):
  custom:graphics/normal-map-encoding: 01000000000000000000000000000000 -> 02000000000000000000000000000000
========================================================================
Received Prepare
Registering precompiled user dll's ...
Registered in 0.000679 seconds.
Begin MonoManager ReloadAssembly
Native extension for WindowsStandalone target not found
Refreshing native plugins compatible for Editor in 0.49 ms, found 0 plugins.
Preloading 0 native plugins for Editor in 0.00 ms.
Mono: successfully reloaded assembly
- Completed reload, in  0.963 seconds
Platform modules already initialized, skipping
Switching build target platform(19) subTarget(0) extendedPlatform(0) -> platform(13) subTarget(537395200) extendedPlatform(0)
Refreshing native plugins compatible for Editor in 0.38 ms, found 0 plugins.
Preloading 0 native plugins for Editor in 0.00 ms.
Unloading 1313 Unused Serialized files (Serialized files now loaded: 0)
System memory in use before: 81.7 MB.
System memory in use after: 81.8 MB.

Unloading 17 unused Assets to reduce memory usage. Loaded Objects now: 1872.
Total: 1.568600 ms (FindLiveObjects: 0.147700 ms CreateObjectMapping: 0.030400 ms MarkObjects: 1.376200 ms  DeleteObjects: 0.013400 ms)

AssetImportParameters requested are different than current active one (requested -> active):
  custom:graphics/normal-map-encoding: 01000000000000000000000000000000 -> 02000000000000000000000000000000
========================================================================
Received Prepare
Registering precompiled user dll's ...
Registered in 0.000721 seconds.
Begin MonoManager ReloadAssembly
Native extension for WindowsStandalone target not found
Refreshing native plugins compatible for Editor in 0.39 ms, found 0 plugins.
Preloading 0 native plugins for Editor in 0.00 ms.
Mono: successfully reloaded assembly
- Completed reload, in  0.953 seconds
Platform modules already initialized, skipping
Switching build target platform(19) subTarget(0) extendedPlatform(0) -> platform(13) subTarget(537395200) extendedPlatform(0)
Refreshing native plugins compatible for Editor in 0.38 ms, found 0 plugins.
Preloading 0 native plugins for Editor in 0.00 ms.
Unloading 1313 Unused Serialized files (Serialized files now loaded: 0)
System memory in use before: 81.7 MB.
System memory in use after: 81.8 MB.

Unloading 17 unused Assets to reduce memory usage. Loaded Objects now: 1875.
Total: 1.603500 ms (FindLiveObjects: 0.144000 ms CreateObjectMapping: 0.031200 ms MarkObjects: 1.413500 ms  DeleteObjects: 0.014000 ms)

AssetImportParameters requested are different than current active one (requested -> active):
  custom:graphics/normal-map-encoding: 01000000000000000000000000000000 -> 02000000000000000000000000000000
========================================================================
Received Prepare
Registering precompiled user dll's ...
Registered in 0.000660 seconds.
Begin MonoManager ReloadAssembly
Native extension for WindowsStandalone target not found
Refreshing native plugins compatible for Editor in 0.50 ms, found 0 plugins.
Preloading 0 native plugins for Editor in 0.00 ms.
Mono: successfully reloaded assembly
- Completed reload, in  0.963 seconds
Platform modules already initialized, skipping
Switching build target platform(19) subTarget(0) extendedPlatform(0) -> platform(13) subTarget(537395200) extendedPlatform(0)
Refreshing native plugins compatible for Editor in 0.38 ms, found 0 plugins.
Preloading 0 native plugins for Editor in 0.00 ms.
Unloading 1313 Unused Serialized files (Serialized files now loaded: 0)
System memory in use before: 81.7 MB.
System memory in use after: 81.8 MB.

Unloading 17 unused Assets to reduce memory usage. Loaded Objects now: 1878.
Total: 1.600900 ms (FindLiveObjects: 0.151900 ms CreateObjectMapping: 0.031300 ms MarkObjects: 1.403300 ms  DeleteObjects: 0.013500 ms)

AssetImportParameters requested are different than current active one (requested -> active):
  custom:graphics/normal-map-encoding: 01000000000000000000000000000000 -> 02000000000000000000000000000000
========================================================================
Received Prepare
Registering precompiled user dll's ...
Registered in 0.000679 seconds.
Begin MonoManager ReloadAssembly
Native extension for WindowsStandalone target not found
Refreshing native plugins compatible for Editor in 0.52 ms, found 0 plugins.
Preloading 0 native plugins for Editor in 0.00 ms.
Mono: successfully reloaded assembly
- Completed reload, in  1.071 seconds
Platform modules already initialized, skipping
Switching build target platform(19) subTarget(0) extendedPlatform(0) -> platform(13) subTarget(537395200) extendedPlatform(0)
Refreshing native plugins compatible for Editor in 0.42 ms, found 0 plugins.
Preloading 0 native plugins for Editor in 0.00 ms.
Unloading 1313 Unused Serialized files (Serialized files now loaded: 0)
System memory in use before: 81.7 MB.
System memory in use after: 81.8 MB.

Unloading 17 unused Assets to reduce memory usage. Loaded Objects now: 1881.
Total: 2.035500 ms (FindLiveObjects: 0.195200 ms CreateObjectMapping: 0.036000 ms MarkObjects: 1.780100 ms  DeleteObjects: 0.022400 ms)

AssetImportParameters requested are different than current active one (requested -> active):
  custom:graphics/normal-map-encoding: 01000000000000000000000000000000 -> 02000000000000000000000000000000
========================================================================
Received Prepare
Registering precompiled user dll's ...
Registered in 0.000651 seconds.
Begin MonoManager ReloadAssembly
Native extension for WindowsStandalone target not found
Refreshing native plugins compatible for Editor in 0.38 ms, found 0 plugins.
Preloading 0 native plugins for Editor in 0.00 ms.
Mono: successfully reloaded assembly
- Completed reload, in  1.006 seconds
Platform modules already initialized, skipping
Switching build target platform(19) subTarget(0) extendedPlatform(0) -> platform(13) subTarget(537395200) extendedPlatform(0)
Refreshing native plugins compatible for Editor in 0.38 ms, found 0 plugins.
Preloading 0 native plugins for Editor in 0.00 ms.
Unloading 1313 Unused Serialized files (Serialized files now loaded: 0)
System memory in use before: 81.7 MB.
System memory in use after: 81.8 MB.

Unloading 17 unused Assets to reduce memory usage. Loaded Objects now: 1884.
Total: 1.554600 ms (FindLiveObjects: 0.140600 ms CreateObjectMapping: 0.030400 ms MarkObjects: 1.369200 ms  DeleteObjects: 0.013600 ms)

AssetImportParameters requested are different than current active one (requested -> active):
  custom:graphics/normal-map-encoding: 01000000000000000000000000000000 -> 02000000000000000000000000000000
========================================================================
Received Prepare
Registering precompiled user dll's ...
Registered in 0.000642 seconds.
Begin MonoManager ReloadAssembly
Native extension for WindowsStandalone target not found
Refreshing native plugins compatible for Editor in 0.40 ms, found 0 plugins.
Preloading 0 native plugins for Editor in 0.00 ms.
Mono: successfully reloaded assembly
- Completed reload, in  0.986 seconds
Platform modules already initialized, skipping
Switching build target platform(19) subTarget(0) extendedPlatform(0) -> platform(13) subTarget(537395200) extendedPlatform(0)
Refreshing native plugins compatible for Editor in 0.64 ms, found 0 plugins.
Preloading 0 native plugins for Editor in 0.00 ms.
Unloading 1313 Unused Serialized files (Serialized files now loaded: 0)
System memory in use before: 81.7 MB.
System memory in use after: 81.8 MB.

Unloading 17 unused Assets to reduce memory usage. Loaded Objects now: 1887.
Total: 1.620600 ms (FindLiveObjects: 0.162200 ms CreateObjectMapping: 0.032200 ms MarkObjects: 1.411600 ms  DeleteObjects: 0.013700 ms)

AssetImportParameters requested are different than current active one (requested -> active):
  custom:graphics/normal-map-encoding: 01000000000000000000000000000000 -> 02000000000000000000000000000000
========================================================================
Received Prepare
Registering precompiled user dll's ...
Registered in 0.000689 seconds.
Begin MonoManager ReloadAssembly
Native extension for WindowsStandalone target not found
Refreshing native plugins compatible for Editor in 0.39 ms, found 0 plugins.
Preloading 0 native plugins for Editor in 0.00 ms.
Mono: successfully reloaded assembly
- Completed reload, in  0.993 seconds
Platform modules already initialized, skipping
Switching build target platform(19) subTarget(0) extendedPlatform(0) -> platform(13) subTarget(537395200) extendedPlatform(0)
Refreshing native plugins compatible for Editor in 0.38 ms, found 0 plugins.
Preloading 0 native plugins for Editor in 0.00 ms.
Unloading 1313 Unused Serialized files (Serialized files now loaded: 0)
System memory in use before: 81.7 MB.
System memory in use after: 81.8 MB.

Unloading 17 unused Assets to reduce memory usage. Loaded Objects now: 1890.
Total: 1.555800 ms (FindLiveObjects: 0.151600 ms CreateObjectMapping: 0.029800 ms MarkObjects: 1.360100 ms  DeleteObjects: 0.013400 ms)

AssetImportParameters requested are different than current active one (requested -> active):
  custom:graphics/normal-map-encoding: 01000000000000000000000000000000 -> 02000000000000000000000000000000
========================================================================
Received Prepare
Registering precompiled user dll's ...
Registered in 0.000707 seconds.
Begin MonoManager ReloadAssembly
Native extension for WindowsStandalone target not found
Refreshing native plugins compatible for Editor in 0.39 ms, found 0 plugins.
Preloading 0 native plugins for Editor in 0.00 ms.
Mono: successfully reloaded assembly
- Completed reload, in  1.064 seconds
Platform modules already initialized, skipping
Switching build target platform(19) subTarget(0) extendedPlatform(0) -> platform(13) subTarget(537395200) extendedPlatform(0)
Refreshing native plugins compatible for Editor in 0.39 ms, found 0 plugins.
Preloading 0 native plugins for Editor in 0.00 ms.
Unloading 1313 Unused Serialized files (Serialized files now loaded: 0)
System memory in use before: 81.7 MB.
System memory in use after: 81.8 MB.

Unloading 17 unused Assets to reduce memory usage. Loaded Objects now: 1893.
Total: 1.637300 ms (FindLiveObjects: 0.179100 ms CreateObjectMapping: 0.030400 ms MarkObjects: 1.412100 ms  DeleteObjects: 0.014000 ms)

AssetImportParameters requested are different than current active one (requested -> active):
  custom:graphics/normal-map-encoding: 01000000000000000000000000000000 -> 02000000000000000000000000000000
========================================================================
Received Prepare
Refreshing native plugins compatible for Editor in 3.20 ms, found 0 plugins.
Preloading 0 native plugins for Editor in 0.00 ms.
Unloading 15 Unused Serialized files (Serialized files now loaded: 0)
System memory in use before: 56.9 MB.
System memory in use after: 57.0 MB.

Unloading 15 unused Assets to reduce memory usage. Loaded Objects now: 1893.
Total: 1.659400 ms (FindLiveObjects: 0.157700 ms CreateObjectMapping: 0.030400 ms MarkObjects: 1.459700 ms  DeleteObjects: 0.011000 ms)

AssetImportWorkerClient::OnTransportError - code=2 error=End of file
